<?xml version="1.0" encoding="UTF-8"?>
<!-- Generated by org.testng.reporters.JUnitReportReporter -->
<testsuite hostname="TSMMICDEVTEST" name="com.mm.testcase.TestCase_loginToApplication" tests="1" failures="0" timestamp="30 Apr 2018 08:25:30 GMT" time="16.993" errors="0">
  <testcase name="verifyLoginFunctionality" time="16.993" classname="com.mm.testcase.TestCase_loginToApplication"/>
</testsuite> <!-- com.mm.testcase.TestCase_loginToApplication -->
