<?xml version="1.0" encoding="UTF-8"?>
<!-- Generated by org.testng.reporters.JUnitReportReporter -->
<testsuite hostname="TSMMICDEVTEST" name="com.magmutual.test.Loginapplciation" tests="1" failures="0" timestamp="27 Apr 2018 07:02:23 GMT" time="12.939" errors="0">
  <testcase name="verifyLoginFunctionality" time="12.939" classname="com.magmutual.test.Loginapplciation"/>
</testsuite> <!-- com.magmutual.test.Loginapplciation -->
